<?xml version="1.0" encoding="UTF-8"?>
<testsuite xmlns:xsi="http://www.w3.org/2001/XMLSchema-instance" xsi:noNamespaceSchemaLocation="https://maven.apache.org/surefire/maven-surefire-plugin/xsd/surefire-test-report.xsd" name="org.example.AppTest" time="0.048" tests="1" errors="0" skipped="0" failures="0">
  <properties>
    <property name="java.specification.version" value="18"/>
    <property name="sun.cpu.isalist" value="amd64"/>
    <property name="sun.jnu.encoding" value="Cp1252"/>
    <property name="java.class.path" value="E:\Rodcast Task\netty-client-server\target\test-classes;E:\Rodcast Task\netty-client-server\target\classes;C:\Users\shiva\.m2\repository\junit\junit\4.11\junit-4.11.jar;C:\Users\shiva\.m2\repository\org\hamcrest\hamcrest-core\1.3\hamcrest-core-1.3.jar;C:\Users\shiva\.m2\repository\io\netty\netty-all\4.1.72.Final\netty-all-4.1.72.Final.jar;C:\Users\shiva\.m2\repository\io\netty\netty-buffer\4.1.72.Final\netty-buffer-4.1.72.Final.jar;C:\Users\shiva\.m2\repository\io\netty\netty-codec\4.1.72.Final\netty-codec-4.1.72.Final.jar;C:\Users\shiva\.m2\repository\io\netty\netty-codec-dns\4.1.72.Final\netty-codec-dns-4.1.72.Final.jar;C:\Users\shiva\.m2\repository\io\netty\netty-codec-haproxy\4.1.72.Final\netty-codec-haproxy-4.1.72.Final.jar;C:\Users\shiva\.m2\repository\io\netty\netty-codec-http\4.1.72.Final\netty-codec-http-4.1.72.Final.jar;C:\Users\shiva\.m2\repository\io\netty\netty-codec-http2\4.1.72.Final\netty-codec-http2-4.1.72.Final.jar;C:\Users\shiva\.m2\repository\io\netty\netty-codec-memcache\4.1.72.Final\netty-codec-memcache-4.1.72.Final.jar;C:\Users\shiva\.m2\repository\io\netty\netty-codec-mqtt\4.1.72.Final\netty-codec-mqtt-4.1.72.Final.jar;C:\Users\shiva\.m2\repository\io\netty\netty-codec-redis\4.1.72.Final\netty-codec-redis-4.1.72.Final.jar;C:\Users\shiva\.m2\repository\io\netty\netty-codec-smtp\4.1.72.Final\netty-codec-smtp-4.1.72.Final.jar;C:\Users\shiva\.m2\repository\io\netty\netty-codec-socks\4.1.72.Final\netty-codec-socks-4.1.72.Final.jar;C:\Users\shiva\.m2\repository\io\netty\netty-codec-stomp\4.1.72.Final\netty-codec-stomp-4.1.72.Final.jar;C:\Users\shiva\.m2\repository\io\netty\netty-codec-xml\4.1.72.Final\netty-codec-xml-4.1.72.Final.jar;C:\Users\shiva\.m2\repository\io\netty\netty-common\4.1.72.Final\netty-common-4.1.72.Final.jar;C:\Users\shiva\.m2\repository\io\netty\netty-handler\4.1.72.Final\netty-handler-4.1.72.Final.jar;C:\Users\shiva\.m2\repository\io\netty\netty-tcnative-classes\2.0.46.Final\netty-tcnative-classes-2.0.46.Final.jar;C:\Users\shiva\.m2\repository\io\netty\netty-handler-proxy\4.1.72.Final\netty-handler-proxy-4.1.72.Final.jar;C:\Users\shiva\.m2\repository\io\netty\netty-resolver\4.1.72.Final\netty-resolver-4.1.72.Final.jar;C:\Users\shiva\.m2\repository\io\netty\netty-resolver-dns\4.1.72.Final\netty-resolver-dns-4.1.72.Final.jar;C:\Users\shiva\.m2\repository\io\netty\netty-transport\4.1.72.Final\netty-transport-4.1.72.Final.jar;C:\Users\shiva\.m2\repository\io\netty\netty-transport-rxtx\4.1.72.Final\netty-transport-rxtx-4.1.72.Final.jar;C:\Users\shiva\.m2\repository\io\netty\netty-transport-sctp\4.1.72.Final\netty-transport-sctp-4.1.72.Final.jar;C:\Users\shiva\.m2\repository\io\netty\netty-transport-udt\4.1.72.Final\netty-transport-udt-4.1.72.Final.jar;C:\Users\shiva\.m2\repository\io\netty\netty-transport-classes-epoll\4.1.72.Final\netty-transport-classes-epoll-4.1.72.Final.jar;C:\Users\shiva\.m2\repository\io\netty\netty-transport-native-unix-common\4.1.72.Final\netty-transport-native-unix-common-4.1.72.Final.jar;C:\Users\shiva\.m2\repository\io\netty\netty-transport-classes-kqueue\4.1.72.Final\netty-transport-classes-kqueue-4.1.72.Final.jar;C:\Users\shiva\.m2\repository\io\netty\netty-resolver-dns-classes-macos\4.1.72.Final\netty-resolver-dns-classes-macos-4.1.72.Final.jar;C:\Users\shiva\.m2\repository\io\netty\netty-transport-native-epoll\4.1.72.Final\netty-transport-native-epoll-4.1.72.Final-linux-x86_64.jar;C:\Users\shiva\.m2\repository\io\netty\netty-transport-native-epoll\4.1.72.Final\netty-transport-native-epoll-4.1.72.Final-linux-aarch_64.jar;C:\Users\shiva\.m2\repository\io\netty\netty-transport-native-kqueue\4.1.72.Final\netty-transport-native-kqueue-4.1.72.Final-osx-x86_64.jar;C:\Users\shiva\.m2\repository\io\netty\netty-transport-native-kqueue\4.1.72.Final\netty-transport-native-kqueue-4.1.72.Final-osx-aarch_64.jar;C:\Users\shiva\.m2\repository\io\netty\netty-resolver-dns-native-macos\4.1.72.Final\netty-resolver-dns-native-macos-4.1.72.Final-osx-x86_64.jar;C:\Users\shiva\.m2\repository\io\netty\netty-resolver-dns-native-macos\4.1.72.Final\netty-resolver-dns-native-macos-4.1.72.Final-osx-aarch_64.jar;"/>
    <property name="java.vm.vendor" value="Oracle Corporation"/>
    <property name="sun.arch.data.model" value="64"/>
    <property name="user.variant" value=""/>
    <property name="java.vendor.url" value="https://java.oracle.com/"/>
    <property name="user.timezone" value="Asia/Calcutta"/>
    <property name="os.name" value="Windows 11"/>
    <property name="java.vm.specification.version" value="18"/>
    <property name="sun.java.launcher" value="SUN_STANDARD"/>
    <property name="user.country" value="IN"/>
    <property name="sun.boot.library.path" value="C:\Users\shiva\.jdks\openjdk-18.0.2.1\bin"/>
    <property name="sun.java.command" value="C:\Users\shiva\AppData\Local\Temp\surefire9318073211121084239\surefirebooter1169499718959469713.jar C:\Users\shiva\AppData\Local\Temp\surefire9318073211121084239 2024-06-12T11-36-04_234-jvmRun1 surefire14350898496847822065tmp surefire_011736693079148241734tmp"/>
    <property name="jdk.debug" value="release"/>
    <property name="surefire.test.class.path" value="E:\Rodcast Task\netty-client-server\target\test-classes;E:\Rodcast Task\netty-client-server\target\classes;C:\Users\shiva\.m2\repository\junit\junit\4.11\junit-4.11.jar;C:\Users\shiva\.m2\repository\org\hamcrest\hamcrest-core\1.3\hamcrest-core-1.3.jar;C:\Users\shiva\.m2\repository\io\netty\netty-all\4.1.72.Final\netty-all-4.1.72.Final.jar;C:\Users\shiva\.m2\repository\io\netty\netty-buffer\4.1.72.Final\netty-buffer-4.1.72.Final.jar;C:\Users\shiva\.m2\repository\io\netty\netty-codec\4.1.72.Final\netty-codec-4.1.72.Final.jar;C:\Users\shiva\.m2\repository\io\netty\netty-codec-dns\4.1.72.Final\netty-codec-dns-4.1.72.Final.jar;C:\Users\shiva\.m2\repository\io\netty\netty-codec-haproxy\4.1.72.Final\netty-codec-haproxy-4.1.72.Final.jar;C:\Users\shiva\.m2\repository\io\netty\netty-codec-http\4.1.72.Final\netty-codec-http-4.1.72.Final.jar;C:\Users\shiva\.m2\repository\io\netty\netty-codec-http2\4.1.72.Final\netty-codec-http2-4.1.72.Final.jar;C:\Users\shiva\.m2\repository\io\netty\netty-codec-memcache\4.1.72.Final\netty-codec-memcache-4.1.72.Final.jar;C:\Users\shiva\.m2\repository\io\netty\netty-codec-mqtt\4.1.72.Final\netty-codec-mqtt-4.1.72.Final.jar;C:\Users\shiva\.m2\repository\io\netty\netty-codec-redis\4.1.72.Final\netty-codec-redis-4.1.72.Final.jar;C:\Users\shiva\.m2\repository\io\netty\netty-codec-smtp\4.1.72.Final\netty-codec-smtp-4.1.72.Final.jar;C:\Users\shiva\.m2\repository\io\netty\netty-codec-socks\4.1.72.Final\netty-codec-socks-4.1.72.Final.jar;C:\Users\shiva\.m2\repository\io\netty\netty-codec-stomp\4.1.72.Final\netty-codec-stomp-4.1.72.Final.jar;C:\Users\shiva\.m2\repository\io\netty\netty-codec-xml\4.1.72.Final\netty-codec-xml-4.1.72.Final.jar;C:\Users\shiva\.m2\repository\io\netty\netty-common\4.1.72.Final\netty-common-4.1.72.Final.jar;C:\Users\shiva\.m2\repository\io\netty\netty-handler\4.1.72.Final\netty-handler-4.1.72.Final.jar;C:\Users\shiva\.m2\repository\io\netty\netty-tcnative-classes\2.0.46.Final\netty-tcnative-classes-2.0.46.Final.jar;C:\Users\shiva\.m2\repository\io\netty\netty-handler-proxy\4.1.72.Final\netty-handler-proxy-4.1.72.Final.jar;C:\Users\shiva\.m2\repository\io\netty\netty-resolver\4.1.72.Final\netty-resolver-4.1.72.Final.jar;C:\Users\shiva\.m2\repository\io\netty\netty-resolver-dns\4.1.72.Final\netty-resolver-dns-4.1.72.Final.jar;C:\Users\shiva\.m2\repository\io\netty\netty-transport\4.1.72.Final\netty-transport-4.1.72.Final.jar;C:\Users\shiva\.m2\repository\io\netty\netty-transport-rxtx\4.1.72.Final\netty-transport-rxtx-4.1.72.Final.jar;C:\Users\shiva\.m2\repository\io\netty\netty-transport-sctp\4.1.72.Final\netty-transport-sctp-4.1.72.Final.jar;C:\Users\shiva\.m2\repository\io\netty\netty-transport-udt\4.1.72.Final\netty-transport-udt-4.1.72.Final.jar;C:\Users\shiva\.m2\repository\io\netty\netty-transport-classes-epoll\4.1.72.Final\netty-transport-classes-epoll-4.1.72.Final.jar;C:\Users\shiva\.m2\repository\io\netty\netty-transport-native-unix-common\4.1.72.Final\netty-transport-native-unix-common-4.1.72.Final.jar;C:\Users\shiva\.m2\repository\io\netty\netty-transport-classes-kqueue\4.1.72.Final\netty-transport-classes-kqueue-4.1.72.Final.jar;C:\Users\shiva\.m2\repository\io\netty\netty-resolver-dns-classes-macos\4.1.72.Final\netty-resolver-dns-classes-macos-4.1.72.Final.jar;C:\Users\shiva\.m2\repository\io\netty\netty-transport-native-epoll\4.1.72.Final\netty-transport-native-epoll-4.1.72.Final-linux-x86_64.jar;C:\Users\shiva\.m2\repository\io\netty\netty-transport-native-epoll\4.1.72.Final\netty-transport-native-epoll-4.1.72.Final-linux-aarch_64.jar;C:\Users\shiva\.m2\repository\io\netty\netty-transport-native-kqueue\4.1.72.Final\netty-transport-native-kqueue-4.1.72.Final-osx-x86_64.jar;C:\Users\shiva\.m2\repository\io\netty\netty-transport-native-kqueue\4.1.72.Final\netty-transport-native-kqueue-4.1.72.Final-osx-aarch_64.jar;C:\Users\shiva\.m2\repository\io\netty\netty-resolver-dns-native-macos\4.1.72.Final\netty-resolver-dns-native-macos-4.1.72.Final-osx-x86_64.jar;C:\Users\shiva\.m2\repository\io\netty\netty-resolver-dns-native-macos\4.1.72.Final\netty-resolver-dns-native-macos-4.1.72.Final-osx-aarch_64.jar;"/>
    <property name="sun.cpu.endian" value="little"/>
    <property name="user.home" value="C:\Users\shiva"/>
    <property name="user.language" value="en"/>
    <property name="java.specification.vendor" value="Oracle Corporation"/>
    <property name="java.version.date" value="2022-08-18"/>
    <property name="java.home" value="C:\Users\shiva\.jdks\openjdk-18.0.2.1"/>
    <property name="file.separator" value="\"/>
    <property name="basedir" value="E:\Rodcast Task\netty-client-server"/>
    <property name="java.vm.compressedOopsMode" value="Zero based"/>
    <property name="line.separator" value="&#10;"/>
    <property name="java.vm.specification.vendor" value="Oracle Corporation"/>
    <property name="java.specification.name" value="Java Platform API Specification"/>
    <property name="surefire.real.class.path" value="C:\Users\shiva\AppData\Local\Temp\surefire9318073211121084239\surefirebooter1169499718959469713.jar"/>
    <property name="user.script" value=""/>
    <property name="sun.management.compiler" value="HotSpot 64-Bit Tiered Compilers"/>
    <property name="java.runtime.version" value="18.0.2.1+1-1"/>
    <property name="user.name" value="shiva"/>
    <property name="path.separator" value=";"/>
    <property name="os.version" value="10.0"/>
    <property name="java.runtime.name" value="OpenJDK Runtime Environment"/>
    <property name="file.encoding" value="UTF-8"/>
    <property name="java.vm.name" value="OpenJDK 64-Bit Server VM"/>
    <property name="localRepository" value="C:\Users\shiva\.m2\repository"/>
    <property name="java.vendor.url.bug" value="https://bugreport.java.com/bugreport/"/>
    <property name="java.io.tmpdir" value="C:\Users\shiva\AppData\Local\Temp\"/>
    <property name="idea.version" value="2022.1.2"/>
    <property name="java.version" value="18.0.2.1"/>
    <property name="user.dir" value="E:\Rodcast Task\netty-client-server"/>
    <property name="os.arch" value="amd64"/>
    <property name="java.vm.specification.name" value="Java Virtual Machine Specification"/>
    <property name="sun.os.patch.level" value=""/>
    <property name="native.encoding" value="Cp1252"/>
    <property name="java.library.path" value="C:\Users\shiva\.jdks\openjdk-18.0.2.1\bin;C:\WINDOWS\Sun\Java\bin;C:\WINDOWS\system32;C:\WINDOWS;C:\Program Files\Common Files\Oracle\Java\javapath;C:\ProgramData\DockerDesktop\version-bin;C:\Windows\system32;C:\Windows;C:\Windows\System32\Wbem;C:\Windows\System32\WindowsPowerShell\v1.0\;C:\Windows\System32\OpenSSH\;C:\Program Files (x86)\NVIDIA Corporation\PhysX\Common;C:\Program Files\NVIDIA Corporation\NVIDIA NvDLISR;C:\WINDOWS\system32;C:\WINDOWS;C:\WINDOWS\System32\Wbem;C:\WINDOWS\System32\WindowsPowerShell\v1.0\;C:\WINDOWS\System32\OpenSSH\;C:\Program Files\dotnet\;C:\Program Files\PostgreSQL\14\bin;C:\Program Files\Docker\Docker\resources\bin;C:\Program Files\Java\jdk-17\bin;C:\Users\shiva\Downloads\apache-maven-3.9.0\bin;C:\Users\shiva\AppData\Roaming\nvm;C:\Program Files\nodejs;C:\ProgramData\chocolatey\bin;C:\Users\shiva\.cargo\bin;C:\Program Files\MySQL\MySQL Shell 8.0\bin\;C:\Users\shiva\AppData\Local\Microsoft\WindowsApps;C:\Users\shiva\AppData\Roaming\npm;C:\Program Files\PostgreSQL\14\bin;C:\Users\shiva\AppData\Roaming\nvm;C:\Program Files\nodejs;D:\Microsoft VS Code\bin;."/>
    <property name="java.vm.info" value="mixed mode, sharing"/>
    <property name="java.vendor" value="Oracle Corporation"/>
    <property name="java.vm.version" value="18.0.2.1+1-1"/>
    <property name="sun.io.unicode.encoding" value="UnicodeLittle"/>
    <property name="java.class.version" value="62.0"/>
  </properties>
  <testcase name="shouldAnswerWithTrue" classname="org.example.AppTest" time="0.004"/>
</testsuite>